<?xml version="1.0" encoding="UTF-8"?>
<coverage generated="1722951153113" clover="3.2.0">
  <project timestamp="1722951153113" name="All files">
    <metrics statements="9" coveredstatements="4" conditionals="9" coveredconditionals="4" methods="8" coveredmethods="4" elements="26" coveredelements="12" complexity="0" loc="9" ncloc="9" packages="1" files="3" classes="3"/>
    <file name="array.ts" path="/Users/chouchouji/monorepo-util/packages/shared/src/array.ts">
      <metrics statements="3" coveredstatements="3" conditionals="4" coveredconditionals="4" methods="3" coveredmethods="3"/>
      <line num="1" count="30" type="stmt"/>
      <line num="4" count="11" type="cond" truecount="2" falsecount="0"/>
      <line num="8" count="9" type="cond" truecount="2" falsecount="0"/>
    </file>
    <file name="is.ts" path="/Users/chouchouji/monorepo-util/packages/shared/src/is.ts">
      <metrics statements="5" coveredstatements="0" conditionals="5" coveredconditionals="0" methods="4" coveredmethods="0"/>
      <line num="3" count="0" type="stmt"/>
      <line num="5" count="0" type="stmt"/>
      <line num="7" count="0" type="stmt"/>
      <line num="9" count="0" type="stmt"/>
      <line num="10" count="0" type="cond" truecount="0" falsecount="5"/>
    </file>
    <file name="number.ts" path="/Users/chouchouji/monorepo-util/packages/shared/src/number.ts">
      <metrics statements="1" coveredstatements="1" conditionals="0" coveredconditionals="0" methods="1" coveredmethods="1"/>
      <line num="1" count="1" type="stmt"/>
    </file>
  </project>
</coverage>
